#
# A fatal error has been detected by the Java Runtime Environment:
#
#  EXCEPTION_ACCESS_VIOLATION (0xc0000005) at pc=0x6d2d9b03, pid=8520, tid=0x000031e4
#
# JRE version: Java(TM) SE Runtime Environment (8.0_111-b14) (build 1.8.0_111-b14)
# Java VM: Java HotSpot(TM) Client VM (25.111-b14 mixed mode windows-x86 )
# Problematic frame:
# C  [awt.dll+0xa9b03]
#
# Failed to write core dump. Minidumps are not enabled by default on client versions of Windows
#
# If you would like to submit a bug report, please visit:
#   http://bugreport.java.com/bugreport/crash.jsp
# The crash happened outside the Java Virtual Machine in native code.
# See problematic frame for where to report the bug.
#

---------------  T H R E A D  ---------------

Current thread (0x29398c00):  JavaThread "AWT-EventQueue-0" [_thread_in_native, id=12772, stack(0x2abe0000,0x2ac30000)]

siginfo: ExceptionCode=0xc0000005, reading address 0x00000004

Registers:
EAX=0x0000000d, EBX=0x0b011406, ECX=0x00000000, EDX=0x00bfe090
ESP=0x2ac2db08, EBP=0x767f6940, ESI=0x29555860, EDI=0x290a0df0
EIP=0x6d2d9b03, EFLAGS=0x00010297

Top of Stack: (sp=0x2ac2db08)
0x2ac2db08:   6d25e936 0b011406 290a0df0 29398d40
0x2ac2db18:   2ac2dbd8 2ac2e090 6d28b3db 29398d40
0x2ac2db28:   290a0df0 2ac2e090 6d28b3f2 00000001
0x2ac2db38:   00000000 00000000 6d25bb85 29398d40
0x2ac2db48:   2ac2e090 29398c00 00000000 00000000
0x2ac2db58:   00000000 29373c98 29059780 294c09f8
0x2ac2db68:   2ac2e094 29398d40 6d5df02d 29398c00
0x2ac2db78:   29398c00 6d5df06b 02903434 02903272 

Instructions: (pc=0x6d2d9b03)
0x6d2d9ae3:   00 00 c3 8b 41 04 8b 80 0c 0c 00 00 c3 8b 01 83
0x6d2d9af3:   78 04 08 7e 03 33 c0 c3 8b 49 04 e9 c7 eb fe ff
0x6d2d9b03:   8b 49 04 85 c9 74 05 e9 d5 e9 fe ff 33 c0 c2 04
0x6d2d9b13:   00 8b 49 04 85 c9 74 05 e9 ea e9 fe ff c2 04 00 


Register to memory mapping:

EAX=0x0000000d is an unknown value
EBX=0x0b011406 is an unallocated location in the heap
ECX=0x00000000 is an unknown value
EDX=0x00bfe090 is an unknown value
ESP=0x2ac2db08 is pointing into the stack for thread: 0x29398c00
EBP=0x767f6940 is an unknown value
ESI=0x29555860 is an unknown value
EDI=0x290a0df0 is an unknown value


Stack: [0x2abe0000,0x2ac30000],  sp=0x2ac2db08,  free space=310k
Native frames: (J=compiled Java code, j=interpreted, Vv=VM code, C=native code)
C  [awt.dll+0xa9b03]

Java frames: (J=compiled Java code, j=interpreted, Vv=VM code)
J 3774  sun.java2d.windows.GDIBlitLoops.nativeBlit(Lsun/java2d/SurfaceData;Lsun/java2d/SurfaceData;Lsun/java2d/pipe/Region;IIIIIIIIIZ)V (0 bytes) @ 0x029310d8 [0x02931010+0xc8]
J 13056 C1 sun.java2d.windows.GDIBlitLoops.Blit(Lsun/java2d/SurfaceData;Lsun/java2d/SurfaceData;Ljava/awt/Composite;Lsun/java2d/pipe/Region;IIIIII)V (37 bytes) @ 0x02930e18 [0x02930d80+0x98]
J 13023 C1 sun.java2d.pipe.DrawImage.blitSurfaceData(Lsun/java2d/SunGraphics2D;Lsun/java2d/pipe/Region;Lsun/java2d/SurfaceData;Lsun/java2d/SurfaceData;Lsun/java2d/loops/SurfaceType;Lsun/java2d/loops/SurfaceType;IIIIIILjava/awt/Color;)V (145 bytes) @ 0x02942bc0 [0x029429a0+0x220]
J 13008 C1 sun.java2d.pipe.DrawImage.renderImageCopy(Lsun/java2d/SunGraphics2D;Ljava/awt/Image;Ljava/awt/Color;IIIIII)Z (147 bytes) @ 0x02b6c99c [0x02b6c880+0x11c]
J 13006 C1 sun.java2d.pipe.DrawImage.copyImage(Lsun/java2d/SunGraphics2D;Ljava/awt/Image;IILjava/awt/Color;)Z (105 bytes) @ 0x028e7670 [0x028e7490+0x1e0]
J 13004 C1 sun.java2d.pipe.DrawImage.copyImage(Lsun/java2d/SunGraphics2D;Ljava/awt/Image;IILjava/awt/Color;Ljava/awt/image/ImageObserver;)Z (60 bytes) @ 0x029fa068 [0x029f9f00+0x168]
J 13043 C1 sun.java2d.pipe.ValidatePipe.copyImage(Lsun/java2d/SunGraphics2D;Ljava/awt/Image;IILjava/awt/Color;Ljava/awt/image/ImageObserver;)Z (29 bytes) @ 0x029317e8 [0x02931770+0x78]
J 13025 C1 sun.java2d.SunGraphics2D.drawImage(Ljava/awt/Image;IILjava/awt/Color;Ljava/awt/image/ImageObserver;)Z (145 bytes) @ 0x0295974c [0x02959550+0x1fc]
J 13014 C1 sun.java2d.SunGraphics2D.drawImage(Ljava/awt/Image;IILjava/awt/image/ImageObserver;)Z (11 bytes) @ 0x02dffb80 [0x02dffb40+0x40]
J 10939 C1 javax.swing.RepaintManager$PaintManager.paintDoubleBuffered(Ljavax/swing/JComponent;Ljava/awt/Image;Ljava/awt/Graphics;IIII)V (294 bytes) @ 0x02a00dc8 [0x02a00c20+0x1a8]
J 10943 C1 javax.swing.RepaintManager$PaintManager.paint(Ljavax/swing/JComponent;Ljavax/swing/JComponent;Ljava/awt/Graphics;IIII)Z (189 bytes) @ 0x02b255cc [0x02b25390+0x23c]
J 10974 C1 javax.swing.RepaintManager.paint(Ljavax/swing/JComponent;Ljavax/swing/JComponent;Ljava/awt/Graphics;IIII)V (93 bytes) @ 0x02bdf730 [0x02bdf540+0x1f0]
J 10976 C1 javax.swing.JComponent.paint(Ljava/awt/Graphics;)V (409 bytes) @ 0x028f0ab4 [0x028f0750+0x364]
j  java.awt.GraphicsCallback$PaintCallback.run(Ljava/awt/Component;Ljava/awt/Graphics;)V+2
j  sun.awt.SunGraphicsCallback.runOneComponent(Ljava/awt/Component;Ljava/awt/Rectangle;Ljava/awt/Graphics;Ljava/awt/Shape;I)V+155
j  sun.awt.SunGraphicsCallback.runComponents([Ljava/awt/Component;Ljava/awt/Graphics;I)V+194
j  java.awt.Container.paint(Ljava/awt/Graphics;)V+58
j  java.awt.Window.paint(Ljava/awt/Graphics;)V+68
J 10968 C1 javax.swing.RepaintManager$4.run()Ljava/lang/Void; (278 bytes) @ 0x029fcab4 [0x029fc7e0+0x2d4]
J 10973 C1 javax.swing.RepaintManager$4.run()Ljava/lang/Object; (5 bytes) @ 0x02c83860 [0x02c83840+0x20]
v  ~StubRoutines::call_stub
J 2416  java.security.AccessController.doPrivileged(Ljava/security/PrivilegedAction;Ljava/security/AccessControlContext;)Ljava/lang/Object; (0 bytes) @ 0x02c3e347 [0x02c3e2e0+0x67]
J 10944 C1 javax.swing.RepaintManager.paintDirtyRegions(Ljava/util/Map;)V (196 bytes) @ 0x02b0817c [0x02b07da0+0x3dc]
J 10970 C1 javax.swing.RepaintManager.paintDirtyRegions()V (50 bytes) @ 0x02bdece4 [0x02bdeba0+0x144]
J 10969 C1 javax.swing.RepaintManager.prePaintDirtyRegions()V (91 bytes) @ 0x029c71f4 [0x029c7030+0x1c4]
J 10975 C1 javax.swing.RepaintManager$ProcessingRunnable.run()V (41 bytes) @ 0x0290bf64 [0x0290be30+0x134]
J 3074 C1 java.awt.event.InvocationEvent.dispatch()V (69 bytes) @ 0x02ca295c [0x02ca2870+0xec]
J 2685 C1 java.awt.EventQueue.dispatchEventImpl(Ljava/awt/AWTEvent;Ljava/lang/Object;)V (149 bytes) @ 0x02cadb4c [0x02cad690+0x4bc]
J 2682 C1 java.awt.EventQueue$3.run()Ljava/lang/Void; (60 bytes) @ 0x02cace1c [0x02cacdc0+0x5c]
J 2681 C1 java.awt.EventQueue$3.run()Ljava/lang/Object; (5 bytes) @ 0x02cacba0 [0x02cacb80+0x20]
v  ~StubRoutines::call_stub
J 2416  java.security.AccessController.doPrivileged(Ljava/security/PrivilegedAction;Ljava/security/AccessControlContext;)Ljava/lang/Object; (0 bytes) @ 0x02c3e347 [0x02c3e2e0+0x67]
J 2677 C1 java.awt.EventQueue.dispatchEvent(Ljava/awt/AWTEvent;)V (80 bytes) @ 0x02cab6c8 [0x02cab4c0+0x208]
J 2575 C1 java.awt.EventDispatchThread.pumpOneEventForFilters(I)V (295 bytes) @ 0x02c84650 [0x02c83fc0+0x690]
J 3878% C1 java.awt.EventDispatchThread.pumpEventsForFilter(ILjava/awt/Conditional;Ljava/awt/EventFilter;)V (47 bytes) @ 0x02b1e000 [0x02b1df40+0xc0]
j  java.awt.EventDispatchThread.pumpEventsForHierarchy(ILjava/awt/Conditional;Ljava/awt/Component;)V+11
j  java.awt.EventDispatchThread.pumpEvents(ILjava/awt/Conditional;)V+4
j  java.awt.EventDispatchThread.pumpEvents(Ljava/awt/Conditional;)V+3
j  java.awt.EventDispatchThread.run()V+9
v  ~StubRoutines::call_stub

---------------  P R O C E S S  ---------------

Java Threads: ( => current thread )
  0x29393000 JavaThread "DestroyJavaVM" [_thread_blocked, id=11788, stack(0x01010000,0x01060000)]
  0x29398000 JavaThread "TimerQueue" daemon [_thread_blocked, id=7768, stack(0x2b780000,0x2b7d0000)]
=>0x29398c00 JavaThread "AWT-EventQueue-0" [_thread_in_native, id=12772, stack(0x2abe0000,0x2ac30000)]
  0x29397400 JavaThread "AWT-Shutdown" [_thread_blocked, id=17244, stack(0x2aaa0000,0x2aaf0000)]
  0x29396c00 JavaThread "Batik CleanerThread" daemon [_thread_blocked, id=16836, stack(0x2af00000,0x2af50000)]
  0x290ec400 JavaThread "Timer-0" [_thread_blocked, id=1900, stack(0x2a910000,0x2a960000)]
  0x290ee400 JavaThread "JmDNS(DESKTOP-8QBUFK1-attlocal-net.local.).State.Timer" daemon [_thread_blocked, id=18204, stack(0x2a880000,0x2a8d0000)]
  0x290ea000 JavaThread "JmDNS(DESKTOP-8QBUFK1-attlocal-net.local.).Timer" daemon [_thread_blocked, id=3140, stack(0x2a7f0000,0x2a840000)]
  0x290ec000 JavaThread "SocketListener(DESKTOP-8QBUFK1-attlocal-net.local.)" daemon [_thread_in_native, id=13744, stack(0x2a760000,0x2a7b0000)]
  0x290ecc00 JavaThread "JmDNS(DESKTOP-8QBUFK1.local.).State.Timer" daemon [_thread_blocked, id=16884, stack(0x2a6d0000,0x2a720000)]
  0x290ee000 JavaThread "JmDNS(DESKTOP-8QBUFK1.local.).Timer" daemon [_thread_blocked, id=16660, stack(0x2a640000,0x2a690000)]
  0x290eb800 JavaThread "SocketListener(DESKTOP-8QBUFK1.local.)" daemon [_thread_in_native, id=15424, stack(0x2a5b0000,0x2a600000)]
  0x290e9800 JavaThread "JmDNS(DESKTOP-8QBUFK1.local.).State.Timer" daemon [_thread_blocked, id=15844, stack(0x2a520000,0x2a570000)]
  0x290e9400 JavaThread "JmDNS(DESKTOP-8QBUFK1.local.).Timer" daemon [_thread_blocked, id=17872, stack(0x26710000,0x26760000)]
  0x290eb400 JavaThread "SocketListener(DESKTOP-8QBUFK1.local.)" daemon [_thread_in_native, id=15548, stack(0x01340000,0x01390000)]
  0x290ea400 JavaThread "JmDNS(DESKTOP-8QBUFK1-attlocal-net.local.).State.Timer" daemon [_thread_blocked, id=17264, stack(0x2a490000,0x2a4e0000)]
  0x290e8000 JavaThread "JmDNS(DESKTOP-8QBUFK1-attlocal-net.local.).Timer" daemon [_thread_blocked, id=7448, stack(0x2a400000,0x2a450000)]
  0x290e8c00 JavaThread "SocketListener(DESKTOP-8QBUFK1-attlocal-net.local.)" daemon [_thread_in_native, id=17596, stack(0x2a370000,0x2a3c0000)]
  0x290e7800 JavaThread "JmDNS(DESKTOP-8QBUFK1-attlocal-net.local.).State.Timer" daemon [_thread_blocked, id=7800, stack(0x2a2e0000,0x2a330000)]
  0x290e7400 JavaThread "JmDNS(DESKTOP-8QBUFK1-attlocal-net.local.).Timer" daemon [_thread_blocked, id=11372, stack(0x2a250000,0x2a2a0000)]
  0x290eec00 JavaThread "SocketListener(DESKTOP-8QBUFK1-attlocal-net.local.)" daemon [_thread_in_native, id=3040, stack(0x2a1c0000,0x2a210000)]
  0x290ed800 JavaThread "JmDNS(DESKTOP-8QBUFK1-attlocal-net.local.).State.Timer" daemon [_thread_blocked, id=8824, stack(0x2a130000,0x2a180000)]
  0x290eac00 JavaThread "JmDNS(DESKTOP-8QBUFK1-attlocal-net.local.).Timer" daemon [_thread_blocked, id=8820, stack(0x2a0a0000,0x2a0f0000)]
  0x290e8800 JavaThread "SocketListener(DESKTOP-8QBUFK1-attlocal-net.local.)" daemon [_thread_in_native, id=14048, stack(0x2a010000,0x2a060000)]
  0x2605b000 JavaThread "JmDNS(DESKTOP-8QBUFK1-attlocal-net.local.).State.Timer" daemon [_thread_blocked, id=6876, stack(0x29ef0000,0x29f40000)]
  0x26058800 JavaThread "JmDNS(DESKTOP-8QBUFK1-attlocal-net.local.).Timer" daemon [_thread_blocked, id=17960, stack(0x29e60000,0x29eb0000)]
  0x26059c00 JavaThread "SocketListener(DESKTOP-8QBUFK1-attlocal-net.local.)" daemon [_thread_in_native, id=18360, stack(0x29dd0000,0x29e20000)]
  0x26058400 JavaThread "Multihomed mDNS.Timer" daemon [_thread_blocked, id=340, stack(0x29c40000,0x29c90000)]
  0x2605b400 JavaThread "cc.arduino.packages.discoverers.serial.SerialBoardsLister" [_thread_blocked, id=7696, stack(0x29ab0000,0x29b00000)]
  0x2605bc00 JavaThread "AWT-Windows" daemon [_thread_in_native, id=10424, stack(0x267a0000,0x267f0000)]
  0x26059400 JavaThread "Java2D Disposer" daemon [_thread_blocked, id=17856, stack(0x26680000,0x266d0000)]
  0x25bb9800 JavaThread "Service Thread" daemon [_thread_blocked, id=15916, stack(0x25f70000,0x25fc0000)]
  0x25bb0800 JavaThread "C1 CompilerThread0" daemon [_thread_blocked, id=4964, stack(0x25ee0000,0x25f30000)]
  0x25baf000 JavaThread "Attach Listener" daemon [_thread_blocked, id=2540, stack(0x25e50000,0x25ea0000)]
  0x25bad000 JavaThread "Signal Dispatcher" daemon [_thread_blocked, id=12872, stack(0x25dc0000,0x25e10000)]
  0x25b9b800 JavaThread "Finalizer" daemon [_thread_blocked, id=4728, stack(0x24ef0000,0x24f40000)]
  0x25b85800 JavaThread "Reference Handler" daemon [_thread_blocked, id=6560, stack(0x24e60000,0x24eb0000)]

Other Threads:
  0x00fce800 VMThread [stack: 0x012b0000,0x01300000] [id=4672]
  0x25bdf000 WatcherThread [stack: 0x26000000,0x26050000] [id=16256]

VM state:not at safepoint (normal execution)

VM Mutex/Monitor currently owned by a thread: None

Heap:
 def new generation   total 49536K, used 29842K [0x04a00000, 0x07fc0000, 0x0f4a0000)
  eden space 44032K,  67% used [0x04a00000, 0x06723f60, 0x07500000)
  from space 5504K,   0% used [0x07a60000, 0x07a608a8, 0x07fc0000)
  to   space 5504K,   0% used [0x07500000, 0x07500000, 0x07a60000)
 tenured generation   total 109912K, used 68119K [0x0f4a0000, 0x15ff6000, 0x24a00000)
   the space 109912K,  61% used [0x0f4a0000, 0x13725df8, 0x13725e00, 0x15ff6000)
 Metaspace       used 20402K, capacity 20931K, committed 20992K, reserved 21888K

Card table byte_map: [0x04830000,0x04940000] byte_map_base: 0x0480b000

Polling page: 0x009a0000

CodeCache: size=32768Kb used=1831Kb max_used=6172Kb free=30936Kb
 bounds [0x02830000, 0x02e40000, 0x04830000]
 total_blobs=1129 nmethods=847 adapters=209
 compilation: enabled

Compilation events (10 events):
Event: 44676.014 Thread 0x25bb0800 13366             sun.font.FileFontStrike::getGlyphMetrics (7 bytes)
Event: 44676.014 Thread 0x25bb0800 nmethod 13366 0x029f85c8 code [0x029f86c0, 0x029f875c]
Event: 44676.014 Thread 0x25bb0800 13367             sun.font.FileFontStrike::getGlyphMetrics (277 bytes)
Event: 44676.016 Thread 0x25bb0800 nmethod 13367 0x02b44a48 code [0x02b44c60, 0x02b457ec]
Event: 44676.016 Thread 0x25bb0800 13368             sun.font.FileFontStrike::getGlyphImagePtr (126 bytes)
Event: 44676.017 Thread 0x25bb0800 nmethod 13368 0x02dfdbc8 code [0x02dfde60, 0x02dfeaa4]
Event: 44676.315 Thread 0x25bb0800 13369             java.util.regex.Matcher::reset (83 bytes)
Event: 44676.315 Thread 0x25bb0800 nmethod 13369 0x029f8288 code [0x029f8390, 0x029f84ac]
Event: 44676.322 Thread 0x25bb0800 13370             org.fife.ui.rsyntaxtextarea.SyntaxScheme::getStyle (7 bytes)
Event: 44676.322 Thread 0x25bb0800 nmethod 13370 0x02b44808 code [0x02b44900, 0x02b449a0]

GC Heap History (10 events):
Event: 35940.169 GC heap before
{Heap before GC invocations=139 (full 2):
 def new generation   total 49536K, used 44034K [0x04a00000, 0x07fc0000, 0x0f4a0000)
  eden space 44032K, 100% used [0x04a00000, 0x07500000, 0x07500000)
  from space 5504K,   0% used [0x07500000, 0x07500840, 0x07a60000)
  to   space 5504K,   0% used [0x07a60000, 0x07a60000, 0x07fc0000)
 tenured generation   total 109912K, used 68119K [0x0f4a0000, 0x15ff6000, 0x24a00000)
   the space 109912K,  61% used [0x0f4a0000, 0x13725df8, 0x13725e00, 0x15ff6000)
 Metaspace       used 20400K, capacity 20931K, committed 20992K, reserved 21888K
Event: 35940.170 GC heap after
Heap after GC invocations=140 (full 2):
 def new generation   total 49536K, used 2K [0x04a00000, 0x07fc0000, 0x0f4a0000)
  eden space 44032K,   0% used [0x04a00000, 0x04a00000, 0x07500000)
  from space 5504K,   0% used [0x07a60000, 0x07a60830, 0x07fc0000)
  to   space 5504K,   0% used [0x07500000, 0x07500000, 0x07a60000)
 tenured generation   total 109912K, used 68119K [0x0f4a0000, 0x15ff6000, 0x24a00000)
   the space 109912K,  61% used [0x0f4a0000, 0x13725df8, 0x13725e00, 0x15ff6000)
 Metaspace       used 20400K, capacity 20931K, committed 20992K, reserved 21888K
}
Event: 36245.878 GC heap before
{Heap before GC invocations=140 (full 2):
 def new generation   total 49536K, used 44034K [0x04a00000, 0x07fc0000, 0x0f4a0000)
  eden space 44032K, 100% used [0x04a00000, 0x07500000, 0x07500000)
  from space 5504K,   0% used [0x07a60000, 0x07a60830, 0x07fc0000)
  to   space 5504K,   0% used [0x07500000, 0x07500000, 0x07a60000)
 tenured generation   total 109912K, used 68119K [0x0f4a0000, 0x15ff6000, 0x24a00000)
   the space 109912K,  61% used [0x0f4a0000, 0x13725df8, 0x13725e00, 0x15ff6000)
 Metaspace       used 20400K, capacity 20931K, committed 20992K, reserved 21888K
Event: 36245.879 GC heap after
Heap after GC invocations=141 (full 2):
 def new generation   total 49536K, used 3K [0x04a00000, 0x07fc0000, 0x0f4a0000)
  eden space 44032K,   0% used [0x04a00000, 0x04a00000, 0x07500000)
  from space 5504K,   0% used [0x07500000, 0x07500e20, 0x07a60000)
  to   space 5504K,   0% used [0x07a60000, 0x07a60000, 0x07fc0000)
 tenured generation   total 109912K, used 68119K [0x0f4a0000, 0x15ff6000, 0x24a00000)
   the space 109912K,  61% used [0x0f4a0000, 0x13725df8, 0x13725e00, 0x15ff6000)
 Metaspace       used 20400K, capacity 20931K, committed 20992K, reserved 21888K
}
Event: 36552.458 GC heap before
{Heap before GC invocations=141 (full 2):
 def new generation   total 49536K, used 44035K [0x04a00000, 0x07fc0000, 0x0f4a0000)
  eden space 44032K, 100% used [0x04a00000, 0x07500000, 0x07500000)
  from space 5504K,   0% used [0x07500000, 0x07500e20, 0x07a60000)
  to   space 5504K,   0% used [0x07a60000, 0x07a60000, 0x07fc0000)
 tenured generation   total 109912K, used 68119K [0x0f4a0000, 0x15ff6000, 0x24a00000)
   the space 109912K,  61% used [0x0f4a0000, 0x13725df8, 0x13725e00, 0x15ff6000)
 Metaspace       used 20400K, capacity 20931K, committed 20992K, reserved 21888K
Event: 36552.459 GC heap after
Heap after GC invocations=142 (full 2):
 def new generation   total 49536K, used 2K [0x04a00000, 0x07fc0000, 0x0f4a0000)
  eden space 44032K,   0% used [0x04a00000, 0x04a00000, 0x07500000)
  from space 5504K,   0% used [0x07a60000, 0x07a60830, 0x07fc0000)
  to   space 5504K,   0% used [0x07500000, 0x07500000, 0x07a60000)
 tenured generation   total 109912K, used 68119K [0x0f4a0000, 0x15ff6000, 0x24a00000)
   the space 109912K,  61% used [0x0f4a0000, 0x13725df8, 0x13725e00, 0x15ff6000)
 Metaspace       used 20400K, capacity 20931K, committed 20992K, reserved 21888K
}
Event: 36858.618 GC heap before
{Heap before GC invocations=142 (full 2):
 def new generation   total 49536K, used 44034K [0x04a00000, 0x07fc0000, 0x0f4a0000)
  eden space 44032K, 100% used [0x04a00000, 0x07500000, 0x07500000)
  from space 5504K,   0% used [0x07a60000, 0x07a60830, 0x07fc0000)
  to   space 5504K,   0% used [0x07500000, 0x07500000, 0x07a60000)
 tenured generation   total 109912K, used 68119K [0x0f4a0000, 0x15ff6000, 0x24a00000)
   the space 109912K,  61% used [0x0f4a0000, 0x13725df8, 0x13725e00, 0x15ff6000)
 Metaspace       used 20400K, capacity 20931K, committed 20992K, reserved 21888K
Event: 36858.619 GC heap after
Heap after GC invocations=143 (full 2):
 def new generation   total 49536K, used 2K [0x04a00000, 0x07fc0000, 0x0f4a0000)
  eden space 44032K,   0% used [0x04a00000, 0x04a00000, 0x07500000)
  from space 5504K,   0% used [0x07500000, 0x07500888, 0x07a60000)
  to   space 5504K,   0% used [0x07a60000, 0x07a60000, 0x07fc0000)
 tenured generation   total 109912K, used 68119K [0x0f4a0000, 0x15ff6000, 0x24a00000)
   the space 109912K,  61% used [0x0f4a0000, 0x13725df8, 0x13725e00, 0x15ff6000)
 Metaspace       used 20400K, capacity 20931K, committed 20992K, reserved 21888K
}
Event: 37164.762 GC heap before
{Heap before GC invocations=143 (full 2):
 def new generation   total 49536K, used 44034K [0x04a00000, 0x07fc0000, 0x0f4a0000)
  eden space 44032K, 100% used [0x04a00000, 0x07500000, 0x07500000)
  from space 5504K,   0% used [0x07500000, 0x07500888, 0x07a60000)
  to   space 5504K,   0% used [0x07a60000, 0x07a60000, 0x07fc0000)
 tenured generation   total 109912K, used 68119K [0x0f4a0000, 0x15ff6000, 0x24a00000)
   the space 109912K,  61% used [0x0f4a0000, 0x13725df8, 0x13725e00, 0x15ff6000)
 Metaspace       used 20400K, capacity 20931K, committed 20992K, reserved 21888K
Event: 37164.763 GC heap after
Heap after GC invocations=144 (full 2):
 def new generation   total 49536K, used 2K [0x04a00000, 0x07fc0000, 0x0f4a0000)
  eden space 44032K,   0% used [0x04a00000, 0x04a00000, 0x07500000)
  from space 5504K,   0% used [0x07a60000, 0x07a608a8, 0x07fc0000)
  to   space 5504K,   0% used [0x07500000, 0x07500000, 0x07a60000)
 tenured generation   total 109912K, used 68119K [0x0f4a0000, 0x15ff6000, 0x24a00000)
   the space 109912K,  61% used [0x0f4a0000, 0x13725df8, 0x13725e00, 0x15ff6000)
 Metaspace       used 20400K, capacity 20931K, committed 20992K, reserved 21888K
}

Deoptimization events (0 events):
No events

Internal exceptions (10 events):
Event: 16311.657 Thread 0x29399800 Exception <a 'sun/nio/fs/WindowsException'> (0x065f7508) thrown at [C:\re\workspace\8-2-build-windows-i586-cygwin\jdk8u111\7883\hotspot\src\share\vm\prims\jni.cpp, line 709]
Event: 16311.657 Thread 0x29399800 Exception <a 'sun/nio/fs/WindowsException'> (0x065f7ba0) thrown at [C:\re\workspace\8-2-build-windows-i586-cygwin\jdk8u111\7883\hotspot\src\share\vm\prims\jni.cpp, line 709]
Event: 16311.658 Thread 0x29399800 Exception <a 'sun/nio/fs/WindowsException'> (0x06603c50) thrown at [C:\re\workspace\8-2-build-windows-i586-cygwin\jdk8u111\7883\hotspot\src\share\vm\prims\jni.cpp, line 709]
Event: 16311.658 Thread 0x29399800 Exception <a 'sun/nio/fs/WindowsException'> (0x066042e8) thrown at [C:\re\workspace\8-2-build-windows-i586-cygwin\jdk8u111\7883\hotspot\src\share\vm\prims\jni.cpp, line 709]
Event: 16311.658 Thread 0x29399800 Exception <a 'sun/nio/fs/WindowsException'> (0x06611990) thrown at [C:\re\workspace\8-2-build-windows-i586-cygwin\jdk8u111\7883\hotspot\src\share\vm\prims\jni.cpp, line 709]
Event: 16311.659 Thread 0x29399800 Exception <a 'sun/nio/fs/WindowsException'> (0x06612028) thrown at [C:\re\workspace\8-2-build-windows-i586-cygwin\jdk8u111\7883\hotspot\src\share\vm\prims\jni.cpp, line 709]
Event: 16311.659 Thread 0x29399800 Exception <a 'sun/nio/fs/WindowsException'> (0x0661e6b0) thrown at [C:\re\workspace\8-2-build-windows-i586-cygwin\jdk8u111\7883\hotspot\src\share\vm\prims\jni.cpp, line 709]
Event: 16311.659 Thread 0x29399800 Exception <a 'sun/nio/fs/WindowsException'> (0x0661ec40) thrown at [C:\re\workspace\8-2-build-windows-i586-cygwin\jdk8u111\7883\hotspot\src\share\vm\prims\jni.cpp, line 709]
Event: 16311.660 Thread 0x29399800 Exception <a 'sun/nio/fs/WindowsException'> (0x0667dc98) thrown at [C:\re\workspace\8-2-build-windows-i586-cygwin\jdk8u111\7883\hotspot\src\share\vm\prims\jni.cpp, line 709]
Event: 16311.660 Thread 0x29399800 Exception <a 'sun/nio/fs/WindowsException'> (0x0667e2b8) thrown at [C:\re\workspace\8-2-build-windows-i586-cygwin\jdk8u111\7883\hotspot\src\share\vm\prims\jni.cpp, line 709]

Events (10 events):
Event: 44675.909 loading class sun/awt/windows/WToolkit$3
Event: 44675.910 loading class sun/awt/windows/WToolkit$3 done
Event: 44675.915 Thread 0x25bb0800 flushing nmethod 0x02978288
Event: 44675.915 Thread 0x25bb0800 flushing nmethod 0x02ab8b08
Event: 44675.915 Thread 0x25bb0800 flushing nmethod 0x02ab8dc8
Event: 44675.916 Thread 0x25bb0800 flushing nmethod 0x02b443c8
Event: 44675.930 loading class javax/swing/RepaintManager$DisplayChangedRunnable
Event: 44675.930 loading class javax/swing/RepaintManager$DisplayChangedRunnable done
Event: 44676.322 Thread 0x25bb0800 flushing nmethod 0x02a05cc8
Event: 44676.322 Thread 0x25bb0800 flushing nmethod 0x02ae2688


Dynamic libraries:
0x013e0000 - 0x01413000 	C:\Program Files (x86)\Arduino\java\bin\javaw.exe
0x77a10000 - 0x77ba0000 	C:\WINDOWS\SYSTEM32\ntdll.dll
0x76cd0000 - 0x76db0000 	C:\WINDOWS\System32\KERNEL32.DLL
0x76540000 - 0x76724000 	C:\WINDOWS\System32\KERNELBASE.dll
0x76ac0000 - 0x76b38000 	C:\WINDOWS\System32\ADVAPI32.dll
0x76f90000 - 0x7704f000 	C:\WINDOWS\System32\msvcrt.dll
0x76820000 - 0x76864000 	C:\WINDOWS\System32\sechost.dll
0x76db0000 - 0x76e70000 	C:\WINDOWS\System32\RPCRT4.dll
0x742d0000 - 0x742f0000 	C:\WINDOWS\System32\SspiCli.dll
0x742c0000 - 0x742ca000 	C:\WINDOWS\System32\CRYPTBASE.dll
0x74300000 - 0x74358000 	C:\WINDOWS\System32\bcryptPrimitives.dll
0x77270000 - 0x773fd000 	C:\WINDOWS\System32\USER32.dll
0x77160000 - 0x77177000 	C:\WINDOWS\System32\win32u.dll
0x767f0000 - 0x76812000 	C:\WINDOWS\System32\GDI32.dll
0x777a0000 - 0x77904000 	C:\WINDOWS\System32\gdi32full.dll
0x770e0000 - 0x7715d000 	C:\WINDOWS\System32\msvcp_win.dll
0x76e70000 - 0x76f8d000 	C:\WINDOWS\System32\ucrtbase.dll
0x6f910000 - 0x6fb14000 	C:\WINDOWS\WinSxS\x86_microsoft.windows.common-controls_6595b64144ccf1df_6.0.17134.829_none_42f3dc1e44dde2db\COMCTL32.dll
0x75dc0000 - 0x7601c000 	C:\WINDOWS\System32\combase.dll
0x76020000 - 0x76046000 	C:\WINDOWS\System32\IMM32.DLL
0x6d840000 - 0x6d8ff000 	C:\Program Files (x86)\Arduino\java\bin\msvcr100.dll
0x6d470000 - 0x6d83d000 	C:\Program Files (x86)\Arduino\java\bin\client\jvm.dll
0x76b40000 - 0x76b46000 	C:\WINDOWS\System32\PSAPI.DLL
0x70e70000 - 0x70e78000 	C:\WINDOWS\SYSTEM32\WSOCK32.dll
0x72e00000 - 0x72e24000 	C:\WINDOWS\SYSTEM32\WINMM.dll
0x74280000 - 0x74288000 	C:\WINDOWS\SYSTEM32\VERSION.dll
0x76730000 - 0x76797000 	C:\WINDOWS\System32\WS2_32.dll
0x72920000 - 0x72943000 	C:\WINDOWS\SYSTEM32\winmmbase.dll
0x76050000 - 0x76089000 	C:\WINDOWS\System32\cfgmgr32.dll
0x6d430000 - 0x6d461000 	C:\Program Files (x86)\Arduino\java\bin\splashscreen.dll
0x711a0000 - 0x7121c000 	C:\WINDOWS\system32\uxtheme.dll
0x6d420000 - 0x6d42c000 	C:\Program Files (x86)\Arduino\java\bin\verify.dll
0x74920000 - 0x74a63000 	C:\WINDOWS\System32\MSCTF.dll
0x76a10000 - 0x76aa6000 	C:\WINDOWS\System32\OLEAUT32.dll
0x6d3f0000 - 0x6d411000 	C:\Program Files (x86)\Arduino\java\bin\java.dll
0x6d3d0000 - 0x6d3e3000 	C:\Program Files (x86)\Arduino\java\bin\zip.dll
0x742f0000 - 0x742ff000 	C:\WINDOWS\System32\kernel.appcore.dll
0x6a1f0000 - 0x6a26d000 	C:\WINDOWS\System32\TextInputFramework.dll
0x69f00000 - 0x6a15d000 	C:\WINDOWS\System32\CoreUIComponents.dll
0x6a160000 - 0x6a1eb000 	C:\WINDOWS\System32\CoreMessaging.dll
0x775e0000 - 0x77668000 	C:\WINDOWS\System32\SHCORE.dll
0x728d0000 - 0x728f9000 	C:\WINDOWS\SYSTEM32\ntmarta.dll
0x6aa80000 - 0x6ab56000 	C:\WINDOWS\SYSTEM32\wintypes.dll
0x6f8e0000 - 0x6f903000 	C:\WINDOWS\system32\dwmapi.dll
0x74a70000 - 0x75dba000 	C:\WINDOWS\System32\SHELL32.dll
0x74360000 - 0x7491a000 	C:\WINDOWS\System32\windows.storage.dll
0x77750000 - 0x77795000 	C:\WINDOWS\System32\shlwapi.dll
0x76520000 - 0x76538000 	C:\WINDOWS\System32\profapi.dll
0x767a0000 - 0x767e5000 	C:\WINDOWS\System32\powrprof.dll
0x76cc0000 - 0x76cc8000 	C:\WINDOWS\System32\FLTLIB.DLL
0x61940000 - 0x619b2000 	C:\Program Files (x86)\Arduino\lib\listSerialsj.dll
0x760f0000 - 0x7651b000 	C:\WINDOWS\System32\SETUPAPI.dll
0x728b0000 - 0x728c3000 	C:\WINDOWS\SYSTEM32\CRYPTSP.dll
0x72880000 - 0x728af000 	C:\WINDOWS\system32\rsaenh.dll
0x72e80000 - 0x72e99000 	C:\WINDOWS\SYSTEM32\bcrypt.dll
0x73a80000 - 0x73aa1000 	C:\WINDOWS\SYSTEM32\USERENV.dll
0x6d3b0000 - 0x6d3c6000 	C:\Program Files (x86)\Arduino\java\bin\net.dll
0x72410000 - 0x72466000 	C:\WINDOWS\system32\mswsock.dll
0x741a0000 - 0x741d0000 	C:\WINDOWS\SYSTEM32\IPHLPAPI.DLL
0x776e0000 - 0x776e7000 	C:\WINDOWS\System32\NSI.dll
0x72490000 - 0x724a3000 	C:\WINDOWS\SYSTEM32\dhcpcsvc6.DLL
0x72470000 - 0x72484000 	C:\WINDOWS\SYSTEM32\dhcpcsvc.DLL
0x6d3a0000 - 0x6d3af000 	C:\Program Files (x86)\Arduino\java\bin\nio.dll
0x5dbf0000 - 0x5dc0d000 	C:\Users\Simon Moon\AppData\Local\Temp\jna--332286933\jna1300691788131106696.dll
0x774e0000 - 0x775dc000 	C:\WINDOWS\System32\Ole32.dll
0x6d230000 - 0x6d376000 	C:\Program Files (x86)\Arduino\java\bin\awt.dll
0x71970000 - 0x71a0d000 	C:\WINDOWS\SYSTEM32\apphelp.dll
0x6d1f0000 - 0x6d229000 	C:\Program Files (x86)\Arduino\java\bin\fontmanager.dll
0x6d1b0000 - 0x6d1e2000 	C:\Program Files (x86)\Arduino\java\bin\t2k.dll
0x64170000 - 0x64192000 	C:\WINDOWS\SYSTEM32\DEVOBJ.dll
0x77690000 - 0x776d7000 	C:\WINDOWS\System32\WINTRUST.dll
0x76ab0000 - 0x76abe000 	C:\WINDOWS\System32\MSASN1.dll
0x76870000 - 0x76a06000 	C:\WINDOWS\System32\CRYPT32.dll
0x72380000 - 0x7240e000 	C:\WINDOWS\SYSTEM32\DNSAPI.dll
0x72370000 - 0x72378000 	C:\Windows\System32\rasadhlp.dll
0x71ad0000 - 0x71b1f000 	C:\WINDOWS\System32\fwpuclnt.dll
0x6d140000 - 0x6d1a9000 	C:\Program Files (x86)\Arduino\msvcp100.dll
0x6d080000 - 0x6d13e000 	C:\Program Files (x86)\Arduino\msvcr100.dll
0x2ad30000 - 0x2ad62000 	C:\Program Files (x86)\Arduino\lib\AStylej.dll
0x6d050000 - 0x6d074000 	C:\Program Files (x86)\Arduino\java\bin\dcpr.dll
0x77180000 - 0x77203000 	C:\WINDOWS\System32\clbcatq.dll
0x5af60000 - 0x5b0d1000 	C:\WINDOWS\SYSTEM32\WindowsCodecs.dll
0x692f0000 - 0x6933f000 	C:\WINDOWS\system32\dataexchange.dll
0x68f50000 - 0x691a2000 	C:\WINDOWS\system32\d3d11.dll
0x691b0000 - 0x692ec000 	C:\WINDOWS\system32\dcomp.dll
0x68eb0000 - 0x68f48000 	C:\WINDOWS\system32\dxgi.dll
0x6a550000 - 0x6a6b5000 	C:\WINDOWS\system32\twinapi.appcore.dll
0x71170000 - 0x71191000 	C:\WINDOWS\system32\RMCLIENT.dll
0x6d030000 - 0x6d050000 	C:\Program Files (x86)\Arduino\java\bin\sunec.dll
0x6d020000 - 0x6d029000 	C:\Program Files (x86)\Arduino\java\bin\sunmscapi.dll
0x6df80000 - 0x6e102000 	C:\WINDOWS\SYSTEM32\dbghelp.dll

VM Arguments:
jvm_args: -Dsun.java2d.d3d=false -Djna.nosys=true -DAPP_DIR=C:\Program Files (x86)\Arduino -Xms128M -Xmx512M 
java_command: processing.app.Base C:\Users\Simon Moon\Documents\Arduino\MakerFaire2017_64\MakerFaire2017_64.ino
java_class_path (initial): C:\Program Files (x86)\Arduino\lib\apple.jar;C:\Program Files (x86)\Arduino\lib\arduino-core.jar;C:\Program Files (x86)\Arduino\lib\batik-1.8.jar;C:\Program Files (x86)\Arduino\lib\batik-anim-1.8.jar;C:\Program Files (x86)\Arduino\lib\batik-awt-util-1.8.jar;C:\Program Files (x86)\Arduino\lib\batik-bridge-1.8.jar;C:\Program Files (x86)\Arduino\lib\batik-codec-1.8.jar;C:\Program Files (x86)\Arduino\lib\batik-css-1.8.jar;C:\Program Files (x86)\Arduino\lib\batik-dom-1.8.jar;C:\Program Files (x86)\Arduino\lib\batik-ext-1.8.jar;C:\Program Files (x86)\Arduino\lib\batik-gvt-1.8.jar;C:\Program Files (x86)\Arduino\lib\batik-parser-1.8.jar;C:\Program Files (x86)\Arduino\lib\batik-rasterizer-1.8.jar;C:\Program Files (x86)\Arduino\lib\batik-script-1.8.jar;C:\Program Files (x86)\Arduino\lib\batik-squiggle-1.8.jar;C:\Program Files (x86)\Arduino\lib\batik-svg-dom-1.8.jar;C:\Program Files (x86)\Arduino\lib\batik-svgpp-1.8.jar;C:\Program Files (x86)\Arduino\lib\batik-transcoder-1.8.jar;C:\Program Files (x86)\Arduino\lib\batik-util-1.8.jar;C:\Program Files (x86)\Arduino\lib\batik-xml-1.8.jar;C:\Program Files (x86)\Arduino\lib\bcpg-jdk15on-152.jar;C:\Program Files (x86)\Arduino\lib\bcprov-jdk15on-152.jar;C:\Program Files (x86)\Arduino\lib\commons-codec-1.7.jar;C:\Program Files (x86)\Arduino\lib\commons-compress-1.8.jar;C:\Program Files (x86)\Arduino\lib\commons-exec-1.1.jar;C:\Program Files (x86)\Arduino\lib\commons-httpclient-3.1.jar;C:\Program Files (x86)\Arduino\lib\commons-lang3-3.3.2.jar;C:\Program Files (x86)\Arduino\lib\commons-logging-1.0.4.jar;C:\Program Files (x86)\Arduino\lib\commons-net-3.3.jar;C:\Program Files (x86)\Arduino\lib\jackson-annotations-2.6.3.jar;C:\Program Files (x86)\Arduino\lib\jackson-core-2.6.3.jar;C:\Program Files (x86)\Arduino\lib\jackson-databind-2.6.3.jar;C:\Program Files (x86)\Arduino\lib\jackson-module-mrbean-2.6.3.jar;C:\Program Files (x86)\Arduino\lib\java-semver-0.8.0.jar;C:\Program Files (x86)\Arduino\lib\jmdns-3.5.1.j
Launcher Type: SUN_STANDARD

Environment Variables:
PATH=C:\WINDOWS;C:\WINDOWS;C:\Program Files\NVIDIA GPU Computing Toolkit\CUDA\v9.2\bin;C:\Program Files\NVIDIA GPU Computing Toolkit\CUDA\v9.2\libnvvp;M:\Anaconda3;M:\Anaconda3\Library\mingw-w64\bin;M:\Anaconda3\Library\usr\bin;M:\Anaconda3\Library\bin;M:\Anaconda3\Scripts;C:\WINDOWS\system32;C:\WINDOWS;C:\WINDOWS\System32\Wbem;C:\WINDOWS\System32\WindowsPowerShell\v1.0\;C:\Program Files\Git\cmd;C:\WINDOWS\System32\OpenSSH\;C:\Program Files (x86)\NVIDIA Corporation\PhysX\Common;C:\Users\Simon Moon\AppData\Local\Microsoft\WindowsApps;C:\Users\Simon Moon\AppData\Local\GitHubDesktop\bin;C:\Users\Simon Moon\AppData\Local\Microsoft\WindowsApps;M:\cudnn-9.2-windows10-x64-v7.1\cuda\bin;;C:\Program Files (x86)\Arduino\java\bin
USERNAME=Simon Moon
OS=Windows_NT
PROCESSOR_IDENTIFIER=Intel64 Family 6 Model 94 Stepping 3, GenuineIntel



---------------  S Y S T E M  ---------------

OS: Windows 10.0 , 64 bit Build 17134 (10.0.17134.753)

CPU:total 8 (4 cores per cpu, 2 threads per core) family 6 model 94 stepping 3, cmov, cx8, fxsr, mmx, sse, sse2, sse3, ssse3, sse4.1, sse4.2, popcnt, avx, avx2, aes, clmul, erms, rtm, 3dnowpref, lzcnt, ht, tsc, tscinvbit, bmi1, bmi2, adx

Memory: 4k page, physical 33513224k(22400668k free), swap 38493960k(24524480k free)

vm_info: Java HotSpot(TM) Client VM (25.111-b14) for windows-x86 JRE (1.8.0_111-b14), built on Sep 22 2016 18:54:33 by "java_re" with MS VC++ 10.0 (VS2010)

time: Fri Jul 05 11:22:18 2019
elapsed time: 44676 seconds (0d 12h 24m 36s)

